#
# There is insufficient memory for the Java Runtime Environment to continue.
# Native memory allocation (malloc) failed to allocate 1048576 bytes for AllocateHeap
# Possible reasons:
#   The system is out of physical RAM or swap space
#   In 32 bit mode, the process size limit was hit
# Possible solutions:
#   Reduce memory load on the system
#   Increase physical memory or swap space
#   Check if swap backing store is full
#   Use 64 bit Java on a 64 bit OS
#   Decrease Java heap size (-Xmx/-Xms)
#   Decrease number of Java threads
#   Decrease Java thread stack sizes (-Xss)
#   Set larger code cache with -XX:ReservedCodeCacheSize=
# This output file may be truncated or incomplete.
#
#  Out of Memory Error (memory/allocation.inline.hpp:62), pid=12248, tid=10708
#
# JRE version:  (8.0_25-b18) (build )
# Java VM: Java HotSpot(TM) 64-Bit Server VM (25.25-b02 mixed mode windows-amd64 compressed oops)
# Failed to write core dump. Minidumps are not enabled by default on client versions of Windows
#

---------------  T H R E A D  ---------------

Current thread (0x0000000003135800):  JavaThread "Unknown thread" [_thread_in_vm, id=10708, stack(0x0000000002fb0000,0x00000000030b0000)]

Stack: [0x0000000002fb0000,0x00000000030b0000]
Native frames: (J=compiled Java code, j=interpreted, Vv=VM code, C=native code)
V  [jvm.dll+0x31667a]
V  [jvm.dll+0x267073]
V  [jvm.dll+0x267cb3]
V  [jvm.dll+0x25f5b5]
V  [jvm.dll+0x3aa31f]
V  [jvm.dll+0x3d5f12]
V  [jvm.dll+0x3d629a]
V  [jvm.dll+0x3d1967]
V  [jvm.dll+0xe53f2]
V  [jvm.dll+0x1f9b19]
V  [jvm.dll+0x22b2e4]
V  [jvm.dll+0x14d571]
C  [java.exe+0x20b6]
C  [java.exe+0xc9bb]
C  [java.exe+0xca4f]
C  [KERNEL32.DLL+0x17614]
C  [ntdll.dll+0x526a1]


---------------  P R O C E S S  ---------------

Java Threads: ( => current thread )

Other Threads:

=>0x0000000003135800 (exited) JavaThread "Unknown thread" [_thread_in_vm, id=10708, stack(0x0000000002fb0000,0x00000000030b0000)]

VM state:not at safepoint (normal execution)

VM Mutex/Monitor currently owned by a thread: None

Heap:
 PSYoungGen      total 47616K, used 819K [0x000000078b500000, 0x000000078ea00000, 0x00000007c0000000)
  eden space 40960K, 2% used [0x000000078b500000,0x000000078b5cccd8,0x000000078dd00000)
  from space 6656K, 0% used [0x000000078e380000,0x000000078e380000,0x000000078ea00000)
  to   space 6656K, 0% used [0x000000078dd00000,0x000000078dd00000,0x000000078e380000)
 ParOldGen       total 109568K, used 0K [0x0000000721e00000, 0x0000000728900000, 0x000000078b500000)
  object space 109568K, 0% used [0x0000000721e00000,0x0000000721e00000,0x0000000728900000)
 Metaspace       used 674K, capacity 4480K, committed 4480K, reserved 1056768K
  class space    used 66K, capacity 384K, committed 384K, reserved 1048576K

Card table byte_map: [0x00000000125f0000,0x0000000012af0000] byte_map_base: 0x000000000ece1000

Marking Bits: (ParMarkBitMap*) 0x000000005243d490
 Begin Bits: [0x0000000013640000, 0x0000000015dc8000)
 End Bits:   [0x0000000015dc8000, 0x0000000018550000)

Polling page: 0x0000000002f30000

CodeCache: size=245760Kb used=326Kb max_used=326Kb free=245433Kb
 bounds [0x0000000003230000, 0x00000000034a0000, 0x0000000012230000]
 total_blobs=55 nmethods=0 adapters=37
 compilation: enabled

Compilation events (0 events):
No events

GC Heap History (0 events):
No events

Deoptimization events (0 events):
No events

Internal exceptions (0 events):
No events

Events (10 events):
Event: 0.033 loading class java/lang/Short
Event: 0.033 loading class java/lang/Short done
Event: 0.033 loading class java/lang/Integer
Event: 0.033 loading class java/lang/Integer done
Event: 0.033 loading class java/lang/Long
Event: 0.033 loading class java/lang/Long done
Event: 0.034 loading class java/lang/NullPointerException
Event: 0.034 loading class java/lang/NullPointerException done
Event: 0.034 loading class java/lang/ArithmeticException
Event: 0.034 loading class java/lang/ArithmeticException done


Dynamic libraries:
0x00007ff6d5e10000 - 0x00007ff6d5e44000 	C:\Program Files\Java\jdk1.8.0_25\bin\java.exe
0x00007ffebab70000 - 0x00007ffebad68000 	C:\Windows\SYSTEM32\ntdll.dll
0x00007ffeb97c0000 - 0x00007ffeb987f000 	C:\Windows\System32\KERNEL32.DLL
0x00007ffeb83b0000 - 0x00007ffeb8682000 	C:\Windows\System32\KERNELBASE.dll
0x00007ffeb8ce0000 - 0x00007ffeb8d8e000 	C:\Windows\System32\ADVAPI32.dll
0x00007ffeb8d90000 - 0x00007ffeb8e2e000 	C:\Windows\System32\msvcrt.dll
0x00007ffeba8e0000 - 0x00007ffeba97c000 	C:\Windows\System32\sechost.dll
0x00007ffeb9690000 - 0x00007ffeb97b5000 	C:\Windows\System32\RPCRT4.dll
0x00007ffeb8e30000 - 0x00007ffeb8fd1000 	C:\Windows\System32\USER32.dll
0x00007ffeb8380000 - 0x00007ffeb83a2000 	C:\Windows\System32\win32u.dll
0x00007ffeba8b0000 - 0x00007ffeba8db000 	C:\Windows\System32\GDI32.dll
0x00007ffeb8890000 - 0x00007ffeb899f000 	C:\Windows\System32\gdi32full.dll
0x00007ffeb87f0000 - 0x00007ffeb888d000 	C:\Windows\System32\msvcp_win.dll
0x00007ffeb89a0000 - 0x00007ffeb8aa0000 	C:\Windows\System32\ucrtbase.dll
0x00007ffeb75f0000 - 0x00007ffeb788a000 	C:\Windows\WinSxS\amd64_microsoft.windows.common-controls_6595b64144ccf1df_6.0.19041.1110_none_60b5254171f9507e\COMCTL32.dll
0x00007ffeb9890000 - 0x00007ffeb98c2000 	C:\Windows\System32\IMM32.DLL
0x00007ffe7ce10000 - 0x00007ffe7cf25000 	C:\Program Files\Topaz OFD\Warsaw\wslbscr64.dll
0x00007ffeba160000 - 0x00007ffeba8a4000 	C:\Windows\System32\SHELL32.dll
0x00007ffeb7ed0000 - 0x00007ffeb7f03000 	C:\Windows\SYSTEM32\ntmarta.dll
0x00007ffe7cd10000 - 0x00007ffe7ce04000 	C:\Program Files\Topaz OFD\Warsaw\wslbscrwh64.dll
0x00000000524c0000 - 0x0000000052592000 	C:\Program Files\Java\jdk1.8.0_25\jre\bin\msvcr100.dll
0x0000000051c60000 - 0x00000000524ba000 	C:\Program Files\Java\jdk1.8.0_25\jre\bin\server\jvm.dll
0x00007ffeb9d00000 - 0x00007ffeb9d08000 	C:\Windows\System32\PSAPI.DLL
0x00007ffea36e0000 - 0x00007ffea36e9000 	C:\Windows\SYSTEM32\WSOCK32.dll
0x00007ffebaac0000 - 0x00007ffebab2b000 	C:\Windows\System32\WS2_32.dll
0x00007ffeaaf10000 - 0x00007ffeaaf37000 	C:\Windows\SYSTEM32\WINMM.dll
0x0000000051c50000 - 0x0000000051c5f000 	C:\Program Files\Java\jdk1.8.0_25\jre\bin\verify.dll
0x0000000051c20000 - 0x0000000051c48000 	C:\Program Files\Java\jdk1.8.0_25\jre\bin\java.dll
0x0000000051bb0000 - 0x0000000051bc6000 	C:\Program Files\Java\jdk1.8.0_25\jre\bin\zip.dll
0x00007ffeb7b80000 - 0x00007ffeb7d64000 	C:\Windows\SYSTEM32\dbghelp.dll
0x00007ffeb8aa0000 - 0x00007ffeb8b22000 	C:\Windows\System32\bcryptPrimitives.dll

VM Arguments:
jvm_args: -ea -Dfile.encoding=UTF-8 
java_command: org.eclipse.jdt.internal.junit.runner.RemoteTestRunner -version 3 -port 52883 -testLoaderClass org.eclipse.jdt.internal.junit5.runner.JUnit5TestLoader -loaderpluginname org.eclipse.jdt.junit5.runtime -testNameFile C:\Users\TLINER~1.CAS\AppData\Local\Temp\testNames12042081111803206949.txt
java_class_path (initial): c:\dev-estudo\padraoProjetoFactoryMethod\target\test-classes;c:\dev-estudo\padraoProjetoFactoryMethod\target\classes;c:\Users\tliner.castro\.m2\repository\org\springframework\boot\spring-boot-starter-web\2.6.3\spring-boot-starter-web-2.6.3.jar;c:\Users\tliner.castro\.m2\repository\org\springframework\boot\spring-boot-starter\2.6.3\spring-boot-starter-2.6.3.jar;c:\Users\tliner.castro\.m2\repository\org\springframework\boot\spring-boot-starter-logging\2.6.3\spring-boot-starter-logging-2.6.3.jar;c:\Users\tliner.castro\.m2\repository\ch\qos\logback\logback-classic\1.2.10\logback-classic-1.2.10.jar;c:\Users\tliner.castro\.m2\repository\ch\qos\logback\logback-core\1.2.10\logback-core-1.2.10.jar;c:\Users\tliner.castro\.m2\repository\org\apache\logging\log4j\log4j-to-slf4j\2.17.1\log4j-to-slf4j-2.17.1.jar;c:\Users\tliner.castro\.m2\repository\org\apache\logging\log4j\log4j-api\2.17.1\log4j-api-2.17.1.jar;c:\Users\tliner.castro\.m2\repository\org\slf4j\jul-to-slf4j\1.7.33\jul-to-slf4j-1.7.33.jar;c:\Users\tliner.castro\.m2\repository\org\yaml\snakeyaml\1.29\snakeyaml-1.29.jar;c:\Users\tliner.castro\.m2\repository\org\springframework\boot\spring-boot-starter-json\2.6.3\spring-boot-starter-json-2.6.3.jar;c:\Users\tliner.castro\.m2\repository\com\fasterxml\jackson\core\jackson-databind\2.13.1\jackson-databind-2.13.1.jar;c:\Users\tliner.castro\.m2\repository\com\fasterxml\jackson\core\jackson-annotations\2.13.1\jackson-annotations-2.13.1.jar;c:\Users\tliner.castro\.m2\repository\com\fasterxml\jackson\core\jackson-core\2.13.1\jackson-core-2.13.1.jar;c:\Users\tliner.castro\.m2\repository\com\fasterxml\jackson\datatype\jackson-datatype-jdk8\2.13.1\jackson-datatype-jdk8-2.13.1.jar;c:\Users\tliner.castro\.m2\repository\com\fasterxml\jackson\datatype\jackson-datatype-jsr310\2.13.1\jackson-datatype-jsr310-2.13.1.jar;c:\Users\tliner.castro\.m2\repository\com\fasterxml\jackson\module\jackson-module-parameter-names\2.13.1\jackson-module-parameter-names-2.13.1.j
Launcher Type: SUN_STANDARD

Environment Variables:
JAVA_HOME=C:\Program Files\Java\jdk1.8.0_25
PATH=C:\ProgramData\Oracle\Java\javapath;C:\Windows\system32;C:\Windows;C:\Windows\System32\Wbem;C:\Windows\System32\WindowsPowerShell\v1.0\;C:\Windows\System32\OpenSSH\;C:\java\apache-maven-3.8.1\bin;C:\Program Files\Java\jdk1.8.0_25\bin;C:\Program Files\PuTTY\;C:\Program Files\Git\cmd;C:\Program Files\MySQL\MySQL Shell 8.0\bin\;C:\Users\tliner.castro\AppData\Local\Microsoft\WindowsApps;C:\java\apache-maven-3.8.1\bin;;C:\Users\tliner.castro\AppData\Local\Programs\Microsoft VS Code\bin
USERNAME=tliner.castro
OS=Windows_NT
PROCESSOR_IDENTIFIER=AMD64 Family 23 Model 24 Stepping 1, AuthenticAMD



---------------  S Y S T E M  ---------------

OS: Windows 8.1 , 64 bit Build 9600 

CPU:total 8 (8 cores per cpu, 1 threads per core) family 23 model 24 stepping 1, cmov, cx8, fxsr, mmx, sse, sse2, sse3, ssse3, sse4.1, sse4.2, popcnt, avx, avx2, aes, clmul, mmxext, 3dnowpref, lzcnt, sse4a, tsc, tscinvbit, tscinv, bmi1

Memory: 4k page, physical 10359048k(967680k free), swap 41816328k(4672k free)

vm_info: Java HotSpot(TM) 64-Bit Server VM (25.25-b02) for windows-amd64 JRE (1.8.0_25-b18), built on Oct  7 2014 14:25:37 by "java_re" with MS VC++ 10.0 (VS2010)

time: Wed Dec 28 20:34:48 2022
elapsed time: 0 seconds (0d 0h 0m 0s)

